<?xml version="1.0" encoding="UTF-8"?>
<!-- Generated by org.testng.reporters.JUnitReportReporter -->
<testsuite skipped="0" hostname="DESKTOP-DVNB3IK" name="Automation.FlightAutomation" tests="1" failures="0" timestamp="30 Jul 2022 06:41:31 GMT" time="15.827" errors="0">
  <testcase name="OneWay" time="15.827" classname="Automation.FlightAutomation"/>
</testsuite> <!-- Automation.FlightAutomation -->
